# JRE version: OpenJDK Runtime Environment (8.0_152-b01) (build 1.8.0_152-release-1024-b01)
# Java VM: OpenJDK 64-Bit Server VM (25.152-b01 mixed mode bsd-amd64 compressed oops)
Heap:
 PSYoungGen      total 424448K, used 345213K [0x00000007a0000000, 0x00000007bc280000, 0x00000007c0000000)
  eden space 401920K, 80% used [0x00000007a0000000,0x00000007b3b631f0,0x00000007b8880000)
  from space 22528K, 98% used [0x00000007b9580000,0x00000007bab3c4c8,0x00000007bab80000)
  to   space 23552K, 0% used [0x00000007bab80000,0x00000007bab80000,0x00000007bc280000)
 ParOldGen       total 249344K, used 37635K [0x0000000760000000, 0x000000076f380000, 0x00000007a0000000)
  object space 249344K, 15% used [0x0000000760000000,0x00000007624c0de0,0x000000076f380000)
 Metaspace       used 81960K, capacity 87858K, committed 87956K, reserved 1126400K
  class space    used 10829K, capacity 11884K, committed 11964K, reserved 1048576K
GC Heap History (10 events):
Event: 9.009 GC heap before
{Heap before GC invocations=10 (full 3):
 PSYoungGen      total 300032K, used 16191K [0x00000007a0000000, 0x00000007bac80000, 0x00000007c0000000)
  eden space 279040K, 0% used [0x00000007a0000000,0x00000007a0000000,0x00000007b1080000)
  from space 20992K, 77% used [0x00000007b1080000,0x00000007b204ff18,0x00000007b2500000)
  to   space 22016K, 0% used [0x00000007b9700000,0x00000007b9700000,0x00000007bac80000)
 ParOldGen       total 167424K, used 28893K [0x0000000760000000, 0x000000076a380000, 0x00000007a0000000)
  object space 167424K, 17% used [0x0000000760000000,0x0000000761c37610,0x000000076a380000)
 Metaspace       used 57198K, capacity 58928K, committed 59028K, reserved 1099776K
  class space    used 7689K, capacity 8079K, committed 8124K, reserved 1048576K
Event: 9.213 GC heap after
Heap after GC invocations=10 (full 3):
 PSYoungGen      total 300032K, used 0K [0x00000007a0000000, 0x00000007bac80000, 0x00000007c0000000)
  eden space 279040K, 0% used [0x00000007a0000000,0x00000007a0000000,0x00000007b1080000)
  from space 20992K, 0% used [0x00000007b1080000,0x00000007b1080000,0x00000007b2500000)
  to   space 22016K, 0% used [0x00000007b9700000,0x00000007b9700000,0x00000007bac80000)
 ParOldGen       total 249344K, used 30962K [0x0000000760000000, 0x000000076f380000, 0x00000007a0000000)
  object space 249344K, 12% used [0x0000000760000000,0x0000000761e3c938,0x000000076f380000)
 Metaspace       used 57187K, capacity 58886K, committed 59028K, reserved 1099776K
  class space    used 7686K, capacity 8072K, committed 8124K, reserved 1048576K
}
Event: 11.358 GC heap before
{Heap before GC invocations=11 (full 3):
 PSYoungGen      total 300032K, used 279040K [0x00000007a0000000, 0x00000007bac80000, 0x00000007c0000000)
  eden space 279040K, 100% used [0x00000007a0000000,0x00000007b1080000,0x00000007b1080000)
  from space 20992K, 0% used [0x00000007b1080000,0x00000007b1080000,0x00000007b2500000)
  to   space 22016K, 0% used [0x00000007b9700000,0x00000007b9700000,0x00000007bac80000)
 ParOldGen       total 249344K, used 30962K [0x0000000760000000, 0x000000076f380000, 0x00000007a0000000)
  object space 249344K, 12% used [0x0000000760000000,0x0000000761e3c938,0x000000076f380000)
 Metaspace       used 60769K, capacity 62648K, committed 62868K, reserved 1103872K
  class space    used 8138K, capacity 8561K, committed 8636K, reserved 1048576K
Event: 11.364 GC heap after
Heap after GC invocations=11 (full 3):
 PSYoungGen      total 359936K, used 3008K [0x00000007a0000000, 0x00000007b9a00000, 0x00000007c0000000)
  eden space 356864K, 0% used [0x00000007a0000000,0x00000007a0000000,0x00000007b5c80000)
  from space 3072K, 97% used [0x00000007b9700000,0x00000007b99f01d0,0x00000007b9a00000)
  to   space 22528K, 0% used [0x00000007b6e00000,0x00000007b6e00000,0x00000007b8400000)
 ParOldGen       total 249344K, used 30970K [0x0000000760000000, 0x000000076f380000, 0x00000007a0000000)
  object space 249344K, 12% used [0x0000000760000000,0x0000000761e3e938,0x000000076f380000)
 Metaspace       used 60769K, capacity 62648K, committed 62868K, reserved 1103872K
  class space    used 8138K, capacity 8561K, committed 8636K, reserved 1048576K
}
Event: 15.217 GC heap before
{Heap before GC invocations=12 (full 3):
 PSYoungGen      total 359936K, used 359872K [0x00000007a0000000, 0x00000007b9a00000, 0x00000007c0000000)
  eden space 356864K, 100% used [0x00000007a0000000,0x00000007b5c80000,0x00000007b5c80000)
  from space 3072K, 97% used [0x00000007b9700000,0x00000007b99f01d0,0x00000007b9a00000)
  to   space 22528K, 0% used [0x00000007b6e00000,0x00000007b6e00000,0x00000007b8400000)
 ParOldGen       total 249344K, used 30970K [0x0000000760000000, 0x000000076f380000, 0x00000007a0000000)
  object space 249344K, 12% used [0x0000000760000000,0x0000000761e3e938,0x000000076f380000)
 Metaspace       used 73616K, capacity 78448K, committed 78740K, reserved 1118208K
  class space    used 9933K, capacity 10817K, committed 10940K, reserved 1048576K
Event: 15.247 GC heap after
Heap after GC invocations=12 (full 3):
 PSYoungGen      total 397312K, used 22513K [0x00000007a0000000, 0x00000007bcc80000, 0x00000007c0000000)
  eden space 374784K, 0% used [0x00000007a0000000,0x00000007a0000000,0x00000007b6e00000)
  from space 22528K, 99% used [0x00000007b6e00000,0x00000007b83fc448,0x00000007b8400000)
  to   space 28672K, 0% used [0x00000007bb080000,0x00000007bb080000,0x00000007bcc80000)
 ParOldGen       total 249344K, used 37611K [0x0000000760000000, 0x000000076f380000, 0x00000007a0000000)
  object space 249344K, 15% used [0x0000000760000000,0x00000007624bade0,0x000000076f380000)
 Metaspace       used 73616K, capacity 78448K, committed 78740K, reserved 1118208K
  class space    used 9933K, capacity 10817K, committed 10940K, reserved 1048576K
}
Event: 16.435 GC heap before
{Heap before GC invocations=13 (full 3):
 PSYoungGen      total 397312K, used 397128K [0x00000007a0000000, 0x00000007bcc80000, 0x00000007c0000000)
  eden space 374784K, 99% used [0x00000007a0000000,0x00000007b6dd5f48,0x00000007b6e00000)
  from space 22528K, 99% used [0x00000007b6e00000,0x00000007b83fc448,0x00000007b8400000)
  to   space 28672K, 0% used [0x00000007bb080000,0x00000007bb080000,0x00000007bcc80000)
 ParOldGen       total 249344K, used 37611K [0x0000000760000000, 0x000000076f380000, 0x00000007a0000000)
  object space 249344K, 15% used [0x0000000760000000,0x00000007624bade0,0x000000076f380000)
 Metaspace       used 75373K, capacity 80596K, committed 80788K, reserved 1118208K
  class space    used 10181K, capacity 11105K, committed 11196K, reserved 1048576K
Event: 16.448 GC heap after
Heap after GC invocations=13 (full 3):
 PSYoungGen      total 443904K, used 15513K [0x00000007a0000000, 0x00000007be100000, 0x00000007c0000000)
  eden space 415232K, 0% used [0x00000007a0000000,0x00000007a0000000,0x00000007b9580000)
  from space 28672K, 54% used [0x00000007bb080000,0x00000007bbfa6708,0x00000007bcc80000)
  to   space 27648K, 0% used [0x00000007b9580000,0x00000007b9580000,0x00000007bb080000)
 ParOldGen       total 249344K, used 37619K [0x0000000760000000, 0x000000076f380000, 0x00000007a0000000)
  object space 249344K, 15% used [0x0000000760000000,0x00000007624bcde0,0x000000076f380000)
 Metaspace       used 75373K, capacity 80596K, committed 80788K, reserved 1118208K
  class space    used 10181K, capacity 11105K, committed 11196K, reserved 1048576K
}
Event: 1719.834 GC heap before
{Heap before GC invocations=14 (full 3):
 PSYoungGen      total 443904K, used 430701K [0x00000007a0000000, 0x00000007be100000, 0x00000007c0000000)
  eden space 415232K, 99% used [0x00000007a0000000,0x00000007b9575038,0x00000007b9580000)
  from space 28672K, 54% used [0x00000007bb080000,0x00000007bbfa6708,0x00000007bcc80000)
  to   space 27648K, 0% used [0x00000007b9580000,0x00000007b9580000,0x00000007bb080000)
 ParOldGen       total 249344K, used 37619K [0x0000000760000000, 0x000000076f380000, 0x00000007a0000000)
  object space 249344K, 15% used [0x0000000760000000,0x00000007624bcde0,0x000000076f380000)
 Metaspace       used 80729K, capacity 86412K, committed 86548K, reserved 1124352K
  class space    used 10713K, capacity 11729K, committed 11836K, reserved 1048576K
Event: 1719.857 GC heap after
Heap after GC invocations=14 (full 3):
 PSYoungGen      total 424448K, used 22257K [0x00000007a0000000, 0x00000007bc280000, 0x00000007c0000000)
  eden space 401920K, 0% used [0x00000007a0000000,0x00000007a0000000,0x00000007b8880000)
  from space 22528K, 98% used [0x00000007b9580000,0x00000007bab3c4c8,0x00000007bab80000)
  to   space 23552K, 0% used [0x00000007bab80000,0x00000007bab80000,0x00000007bc280000)
 ParOldGen       total 249344K, used 37635K [0x0000000760000000, 0x000000076f380000, 0x00000007a0000000)
  object space 249344K, 15% used [0x0000000760000000,0x00000007624c0de0,0x000000076f380000)
 Metaspace       used 80729K, capacity 86412K, committed 86548K, reserved 1124352K
  class space    used 10713K, capacity 11729K, committed 11836K, reserved 1048576K
}

