# JRE version: OpenJDK Runtime Environment (8.0_152-b01) (build 1.8.0_152-release-1024-b01)
# Java VM: OpenJDK 64-Bit Server VM (25.152-b01 mixed mode bsd-amd64 compressed oops)
Heap:
 PSYoungGen      total 350208K, used 168465K [0x00000007a0000000, 0x00000007b9e00000, 0x00000007c0000000)
  eden space 334336K, 45% used [0x00000007a0000000,0x00000007a95813e0,0x00000007b4680000)
  from space 15872K, 96% used [0x00000007b7d00000,0x00000007b8c030f0,0x00000007b8c80000)
  to   space 17920K, 0% used [0x00000007b8c80000,0x00000007b8c80000,0x00000007b9e00000)
 ParOldGen       total 263168K, used 38459K [0x0000000760000000, 0x0000000770100000, 0x00000007a0000000)
  object space 263168K, 14% used [0x0000000760000000,0x000000076258eca0,0x0000000770100000)
 Metaspace       used 72903K, capacity 75904K, committed 75992K, reserved 1116160K
  class space    used 9575K, capacity 10193K, committed 10240K, reserved 1048576K
GC Heap History (10 events):
Event: 7.334 GC heap before
{Heap before GC invocations=8 (full 2):
 PSYoungGen      total 272896K, used 262144K [0x00000007a0000000, 0x00000007b2900000, 0x00000007c0000000)
  eden space 262144K, 100% used [0x00000007a0000000,0x00000007b0000000,0x00000007b0000000)
  from space 10752K, 0% used [0x00000007b0000000,0x00000007b0000000,0x00000007b0a80000)
  to   space 12800K, 0% used [0x00000007b1c80000,0x00000007b1c80000,0x00000007b2900000)
 ParOldGen       total 172544K, used 16255K [0x0000000760000000, 0x000000076a880000, 0x00000007a0000000)
  object space 172544K, 9% used [0x0000000760000000,0x0000000760fdfe40,0x000000076a880000)
 Metaspace       used 52525K, capacity 54048K, committed 54232K, reserved 1095680K
  class space    used 7222K, capacity 7605K, committed 7680K, reserved 1048576K
Event: 7.359 GC heap after
Heap after GC invocations=8 (full 2):
 PSYoungGen      total 282624K, used 12781K [0x00000007a0000000, 0x00000007b9400000, 0x00000007c0000000)
  eden space 269824K, 0% used [0x00000007a0000000,0x00000007a0000000,0x00000007b0780000)
  from space 12800K, 99% used [0x00000007b1c80000,0x00000007b28fb4f0,0x00000007b2900000)
  to   space 21504K, 0% used [0x00000007b0780000,0x00000007b0780000,0x00000007b1c80000)
 ParOldGen       total 172544K, used 29694K [0x0000000760000000, 0x000000076a880000, 0x00000007a0000000)
  object space 172544K, 17% used [0x0000000760000000,0x0000000761cffbb0,0x000000076a880000)
 Metaspace       used 52525K, capacity 54048K, committed 54232K, reserved 1095680K
  class space    used 7222K, capacity 7605K, committed 7680K, reserved 1048576K
}
Event: 8.243 GC heap before
{Heap before GC invocations=9 (full 2):
 PSYoungGen      total 282624K, used 76929K [0x00000007a0000000, 0x00000007b9400000, 0x00000007c0000000)
  eden space 269824K, 23% used [0x00000007a0000000,0x00000007a3ea4fb0,0x00000007b0780000)
  from space 12800K, 99% used [0x00000007b1c80000,0x00000007b28fb4f0,0x00000007b2900000)
  to   space 21504K, 0% used [0x00000007b0780000,0x00000007b0780000,0x00000007b1c80000)
 ParOldGen       total 172544K, used 29694K [0x0000000760000000, 0x000000076a880000, 0x00000007a0000000)
  object space 172544K, 17% used [0x0000000760000000,0x0000000761cffbb0,0x000000076a880000)
 Metaspace       used 57269K, capacity 58860K, committed 58968K, reserved 1099776K
  class space    used 7827K, capacity 8227K, committed 8320K, reserved 1048576K
Event: 8.266 GC heap after
Heap after GC invocations=9 (full 2):
 PSYoungGen      total 291328K, used 21495K [0x00000007a0000000, 0x00000007bb680000, 0x00000007c0000000)
  eden space 269824K, 0% used [0x00000007a0000000,0x00000007a0000000,0x00000007b0780000)
  from space 21504K, 99% used [0x00000007b0780000,0x00000007b1c7ddf0,0x00000007b1c80000)
  to   space 25600K, 0% used [0x00000007b9d80000,0x00000007b9d80000,0x00000007bb680000)
 ParOldGen       total 172544K, used 31053K [0x0000000760000000, 0x000000076a880000, 0x00000007a0000000)
  object space 172544K, 17% used [0x0000000760000000,0x0000000761e53548,0x000000076a880000)
 Metaspace       used 57269K, capacity 58860K, committed 58968K, reserved 1099776K
  class space    used 7827K, capacity 8227K, committed 8320K, reserved 1048576K
}
Event: 8.266 GC heap before
{Heap before GC invocations=10 (full 3):
 PSYoungGen      total 291328K, used 21495K [0x00000007a0000000, 0x00000007bb680000, 0x00000007c0000000)
  eden space 269824K, 0% used [0x00000007a0000000,0x00000007a0000000,0x00000007b0780000)
  from space 21504K, 99% used [0x00000007b0780000,0x00000007b1c7ddf0,0x00000007b1c80000)
  to   space 25600K, 0% used [0x00000007b9d80000,0x00000007b9d80000,0x00000007bb680000)
 ParOldGen       total 172544K, used 31053K [0x0000000760000000, 0x000000076a880000, 0x00000007a0000000)
  object space 172544K, 17% used [0x0000000760000000,0x0000000761e53548,0x000000076a880000)
 Metaspace       used 57269K, capacity 58860K, committed 58968K, reserved 1099776K
  class space    used 7827K, capacity 8227K, committed 8320K, reserved 1048576K
Event: 8.501 GC heap after
Heap after GC invocations=10 (full 3):
 PSYoungGen      total 291328K, used 0K [0x00000007a0000000, 0x00000007bb680000, 0x00000007c0000000)
  eden space 269824K, 0% used [0x00000007a0000000,0x00000007a0000000,0x00000007b0780000)
  from space 21504K, 0% used [0x00000007b0780000,0x00000007b0780000,0x00000007b1c80000)
  to   space 25600K, 0% used [0x00000007b9d80000,0x00000007b9d80000,0x00000007bb680000)
 ParOldGen       total 263168K, used 38443K [0x0000000760000000, 0x0000000770100000, 0x00000007a0000000)
  object space 263168K, 14% used [0x0000000760000000,0x000000076258aca0,0x0000000770100000)
 Metaspace       used 57269K, capacity 58860K, committed 58968K, reserved 1099776K
  class space    used 7827K, capacity 8227K, committed 8320K, reserved 1048576K
}
Event: 205.968 GC heap before
{Heap before GC invocations=11 (full 3):
 PSYoungGen      total 291328K, used 269824K [0x00000007a0000000, 0x00000007bb680000, 0x00000007c0000000)
  eden space 269824K, 100% used [0x00000007a0000000,0x00000007b0780000,0x00000007b0780000)
  from space 21504K, 0% used [0x00000007b0780000,0x00000007b0780000,0x00000007b1c80000)
  to   space 25600K, 0% used [0x00000007b9d80000,0x00000007b9d80000,0x00000007bb680000)
 ParOldGen       total 263168K, used 38443K [0x0000000760000000, 0x0000000770100000, 0x00000007a0000000)
  object space 263168K, 14% used [0x0000000760000000,0x000000076258aca0,0x0000000770100000)
 Metaspace       used 70397K, capacity 73094K, committed 73176K, reserved 1112064K
  class space    used 9405K, capacity 9972K, committed 9984K, reserved 1048576K
Event: 205.986 GC heap after
Heap after GC invocations=11 (full 3):
 PSYoungGen      total 363520K, used 18750K [0x00000007a0000000, 0x00000007bb000000, 0x00000007c0000000)
  eden space 344576K, 0% used [0x00000007a0000000,0x00000007a0000000,0x00000007b5080000)
  from space 18944K, 98% used [0x00000007b9d80000,0x00000007bafcfbe8,0x00000007bb000000)
  to   space 26112K, 0% used [0x00000007b7d00000,0x00000007b7d00000,0x00000007b9680000)
 ParOldGen       total 263168K, used 38451K [0x0000000760000000, 0x0000000770100000, 0x00000007a0000000)
  object space 263168K, 14% used [0x0000000760000000,0x000000076258cca0,0x0000000770100000)
 Metaspace       used 70397K, capacity 73094K, committed 73176K, reserved 1112064K
  class space    used 9405K, capacity 9972K, committed 9984K, reserved 1048576K
}
Event: 1255.785 GC heap before
{Heap before GC invocations=12 (full 3):
 PSYoungGen      total 363520K, used 363326K [0x00000007a0000000, 0x00000007bb000000, 0x00000007c0000000)
  eden space 344576K, 100% used [0x00000007a0000000,0x00000007b5080000,0x00000007b5080000)
  from space 18944K, 98% used [0x00000007b9d80000,0x00000007bafcfbe8,0x00000007bb000000)
  to   space 26112K, 0% used [0x00000007b7d00000,0x00000007b7d00000,0x00000007b9680000)
 ParOldGen       total 263168K, used 38451K [0x0000000760000000, 0x0000000770100000, 0x00000007a0000000)
  object space 263168K, 14% used [0x0000000760000000,0x000000076258cca0,0x0000000770100000)
 Metaspace       used 72635K, capacity 75660K, committed 75736K, reserved 1114112K
  class space    used 9572K, capacity 10187K, committed 10240K, reserved 1048576K
Event: 1255.809 GC heap after
Heap after GC invocations=12 (full 3):
 PSYoungGen      total 350208K, used 15372K [0x00000007a0000000, 0x00000007b9e00000, 0x00000007c0000000)
  eden space 334336K, 0% used [0x00000007a0000000,0x00000007a0000000,0x00000007b4680000)
  from space 15872K, 96% used [0x00000007b7d00000,0x00000007b8c030f0,0x00000007b8c80000)
  to   space 17920K, 0% used [0x00000007b8c80000,0x00000007b8c80000,0x00000007b9e00000)
 ParOldGen       total 263168K, used 38459K [0x0000000760000000, 0x0000000770100000, 0x00000007a0000000)
  object space 263168K, 14% used [0x0000000760000000,0x000000076258eca0,0x0000000770100000)
 Metaspace       used 72635K, capacity 75660K, committed 75736K, reserved 1114112K
  class space    used 9572K, capacity 10187K, committed 10240K, reserved 1048576K
}

