# JRE version: OpenJDK Runtime Environment (8.0_152-b01) (build 1.8.0_152-release-1024-b01)
# Java VM: OpenJDK 64-Bit Server VM (25.152-b01 mixed mode bsd-amd64 compressed oops)
Heap:
 PSYoungGen      total 156672K, used 94407K [0x00000007a0000000, 0x00000007acc00000, 0x00000007c0000000)
  eden space 143360K, 56% used [0x00000007a0000000,0x00000007a4f32078,0x00000007a8c00000)
  from space 13312K, 99% used [0x00000007a9b00000,0x00000007aa7ffb98,0x00000007aa800000)
  to   space 15360K, 0% used [0x00000007a8c00000,0x00000007a8c00000,0x00000007a9b00000)
 ParOldGen       total 175616K, used 19717K [0x0000000760000000, 0x000000076ab80000, 0x00000007a0000000)
  object space 175616K, 11% used [0x0000000760000000,0x00000007613414e0,0x000000076ab80000)
 Metaspace       used 50688K, capacity 52280K, committed 52440K, reserved 1093632K
  class space    used 6980K, capacity 7369K, committed 7424K, reserved 1048576K
GC Heap History (10 events):
Event: 2.371 GC heap before
{Heap before GC invocations=4 (full 1):
 PSYoungGen      total 76288K, used 8969K [0x00000007a0000000, 0x00000007a9500000, 0x00000007c0000000)
  eden space 65536K, 0% used [0x00000007a0000000,0x00000007a0000000,0x00000007a4000000)
  from space 10752K, 83% used [0x00000007a4000000,0x00000007a48c25b0,0x00000007a4a80000)
  to   space 10752K, 0% used [0x00000007a8a80000,0x00000007a8a80000,0x00000007a9500000)
 ParOldGen       total 175104K, used 32K [0x0000000760000000, 0x000000076ab00000, 0x00000007a0000000)
  object space 175104K, 0% used [0x0000000760000000,0x0000000760008000,0x000000076ab00000)
 Metaspace       used 20734K, capacity 21102K, committed 21248K, reserved 1067008K
  class space    used 2920K, capacity 3069K, committed 3072K, reserved 1048576K
Event: 2.401 GC heap after
Heap after GC invocations=4 (full 1):
 PSYoungGen      total 76288K, used 0K [0x00000007a0000000, 0x00000007a9500000, 0x00000007c0000000)
  eden space 65536K, 0% used [0x00000007a0000000,0x00000007a0000000,0x00000007a4000000)
  from space 10752K, 0% used [0x00000007a4000000,0x00000007a4000000,0x00000007a4a80000)
  to   space 10752K, 0% used [0x00000007a8a80000,0x00000007a8a80000,0x00000007a9500000)
 ParOldGen       total 106496K, used 8656K [0x0000000760000000, 0x0000000766800000, 0x00000007a0000000)
  object space 106496K, 8% used [0x0000000760000000,0x0000000760874138,0x0000000766800000)
 Metaspace       used 20734K, capacity 21102K, committed 21248K, reserved 1067008K
  class space    used 2920K, capacity 3069K, committed 3072K, reserved 1048576K
}
Event: 3.235 GC heap before
{Heap before GC invocations=5 (full 1):
 PSYoungGen      total 76288K, used 65536K [0x00000007a0000000, 0x00000007a9500000, 0x00000007c0000000)
  eden space 65536K, 100% used [0x00000007a0000000,0x00000007a4000000,0x00000007a4000000)
  from space 10752K, 0% used [0x00000007a4000000,0x00000007a4000000,0x00000007a4a80000)
  to   space 10752K, 0% used [0x00000007a8a80000,0x00000007a8a80000,0x00000007a9500000)
 ParOldGen       total 106496K, used 8656K [0x0000000760000000, 0x0000000766800000, 0x00000007a0000000)
  object space 106496K, 8% used [0x0000000760000000,0x0000000760874138,0x0000000766800000)
 Metaspace       used 26259K, capacity 26798K, committed 27136K, reserved 1073152K
  class space    used 3642K, capacity 3828K, committed 3840K, reserved 1048576K
Event: 3.244 GC heap after
Heap after GC invocations=5 (full 1):
 PSYoungGen      total 105472K, used 6902K [0x00000007a0000000, 0x00000007a9180000, 0x00000007c0000000)
  eden space 98304K, 0% used [0x00000007a0000000,0x00000007a0000000,0x00000007a6000000)
  from space 7168K, 96% used [0x00000007a8a80000,0x00000007a913da70,0x00000007a9180000)
  to   space 10752K, 0% used [0x00000007a7c80000,0x00000007a7c80000,0x00000007a8700000)
 ParOldGen       total 106496K, used 8664K [0x0000000760000000, 0x0000000766800000, 0x00000007a0000000)
  object space 106496K, 8% used [0x0000000760000000,0x0000000760876138,0x0000000766800000)
 Metaspace       used 26259K, capacity 26798K, committed 27136K, reserved 1073152K
  class space    used 3642K, capacity 3828K, committed 3840K, reserved 1048576K
}
Event: 4.386 GC heap before
{Heap before GC invocations=6 (full 1):
 PSYoungGen      total 105472K, used 95588K [0x00000007a0000000, 0x00000007a9180000, 0x00000007c0000000)
  eden space 98304K, 90% used [0x00000007a0000000,0x00000007a569b988,0x00000007a6000000)
  from space 7168K, 96% used [0x00000007a8a80000,0x00000007a913da70,0x00000007a9180000)
  to   space 10752K, 0% used [0x00000007a7c80000,0x00000007a7c80000,0x00000007a8700000)
 ParOldGen       total 106496K, used 8664K [0x0000000760000000, 0x0000000766800000, 0x00000007a0000000)
  object space 106496K, 8% used [0x0000000760000000,0x0000000760876138,0x0000000766800000)
 Metaspace       used 34659K, capacity 35200K, committed 35416K, reserved 1079296K
  class space    used 4775K, capacity 4970K, committed 4992K, reserved 1048576K
Event: 4.396 GC heap after
Heap after GC invocations=6 (full 1):
 PSYoungGen      total 138240K, used 10721K [0x00000007a0000000, 0x00000007aa800000, 0x00000007c0000000)
  eden space 127488K, 0% used [0x00000007a0000000,0x00000007a0000000,0x00000007a7c80000)
  from space 10752K, 99% used [0x00000007a7c80000,0x00000007a86f84d0,0x00000007a8700000)
  to   space 13312K, 0% used [0x00000007a9b00000,0x00000007a9b00000,0x00000007aa800000)
 ParOldGen       total 106496K, used 10574K [0x0000000760000000, 0x0000000766800000, 0x00000007a0000000)
  object space 106496K, 9% used [0x0000000760000000,0x0000000760a53988,0x0000000766800000)
 Metaspace       used 34659K, capacity 35200K, committed 35416K, reserved 1079296K
  class space    used 4775K, capacity 4970K, committed 4992K, reserved 1048576K
}
Event: 4.396 GC heap before
{Heap before GC invocations=7 (full 2):
 PSYoungGen      total 138240K, used 10721K [0x00000007a0000000, 0x00000007aa800000, 0x00000007c0000000)
  eden space 127488K, 0% used [0x00000007a0000000,0x00000007a0000000,0x00000007a7c80000)
  from space 10752K, 99% used [0x00000007a7c80000,0x00000007a86f84d0,0x00000007a8700000)
  to   space 13312K, 0% used [0x00000007a9b00000,0x00000007a9b00000,0x00000007aa800000)
 ParOldGen       total 106496K, used 10574K [0x0000000760000000, 0x0000000766800000, 0x00000007a0000000)
  object space 106496K, 9% used [0x0000000760000000,0x0000000760a53988,0x0000000766800000)
 Metaspace       used 34659K, capacity 35200K, committed 35416K, reserved 1079296K
  class space    used 4775K, capacity 4970K, committed 4992K, reserved 1048576K
Event: 4.435 GC heap after
Heap after GC invocations=7 (full 2):
 PSYoungGen      total 138240K, used 0K [0x00000007a0000000, 0x00000007aa800000, 0x00000007c0000000)
  eden space 127488K, 0% used [0x00000007a0000000,0x00000007a0000000,0x00000007a7c80000)
  from space 10752K, 0% used [0x00000007a7c80000,0x00000007a7c80000,0x00000007a8700000)
  to   space 13312K, 0% used [0x00000007a9b00000,0x00000007a9b00000,0x00000007aa800000)
 ParOldGen       total 175616K, used 19167K [0x0000000760000000, 0x000000076ab80000, 0x00000007a0000000)
  object space 175616K, 10% used [0x0000000760000000,0x00000007612b7cf8,0x000000076ab80000)
 Metaspace       used 34659K, capacity 35200K, committed 35416K, reserved 1079296K
  class space    used 4775K, capacity 4970K, committed 4992K, reserved 1048576K
}
Event: 5.797 GC heap before
{Heap before GC invocations=8 (full 2):
 PSYoungGen      total 138240K, used 127488K [0x00000007a0000000, 0x00000007aa800000, 0x00000007c0000000)
  eden space 127488K, 100% used [0x00000007a0000000,0x00000007a7c80000,0x00000007a7c80000)
  from space 10752K, 0% used [0x00000007a7c80000,0x00000007a7c80000,0x00000007a8700000)
  to   space 13312K, 0% used [0x00000007a9b00000,0x00000007a9b00000,0x00000007aa800000)
 ParOldGen       total 175616K, used 19167K [0x0000000760000000, 0x000000076ab80000, 0x00000007a0000000)
  object space 175616K, 10% used [0x0000000760000000,0x00000007612b7cf8,0x000000076ab80000)
 Metaspace       used 42628K, capacity 43512K, committed 43864K, reserved 1087488K
  class space    used 5900K, capacity 6175K, committed 6272K, reserved 1048576K
Event: 5.808 GC heap after
Heap after GC invocations=8 (full 2):
 PSYoungGen      total 156672K, used 13310K [0x00000007a0000000, 0x00000007acc00000, 0x00000007c0000000)
  eden space 143360K, 0% used [0x00000007a0000000,0x00000007a0000000,0x00000007a8c00000)
  from space 13312K, 99% used [0x00000007a9b00000,0x00000007aa7ffb98,0x00000007aa800000)
  to   space 15360K, 0% used [0x00000007a8c00000,0x00000007a8c00000,0x00000007a9b00000)
 ParOldGen       total 175616K, used 19717K [0x0000000760000000, 0x000000076ab80000, 0x00000007a0000000)
  object space 175616K, 11% used [0x0000000760000000,0x00000007613414e0,0x000000076ab80000)
 Metaspace       used 42628K, capacity 43512K, committed 43864K, reserved 1087488K
  class space    used 5900K, capacity 6175K, committed 6272K, reserved 1048576K
}

