# JRE version: OpenJDK Runtime Environment (8.0_152-b01) (build 1.8.0_152-release-1024-b01)
# Java VM: OpenJDK 64-Bit Server VM (25.152-b01 mixed mode bsd-amd64 compressed oops)
Heap:
 PSYoungGen      total 294400K, used 46951K [0x00000007a0000000, 0x00000007ba100000, 0x00000007c0000000)
  eden space 272384K, 17% used [0x00000007a0000000,0x00000007a2dd9ee0,0x00000007b0a00000)
  from space 22016K, 0% used [0x00000007b0a00000,0x00000007b0a00000,0x00000007b1f80000)
  to   space 23552K, 0% used [0x00000007b8a00000,0x00000007b8a00000,0x00000007ba100000)
 ParOldGen       total 256512K, used 33896K [0x0000000760000000, 0x000000076fa80000, 0x00000007a0000000)
  object space 256512K, 13% used [0x0000000760000000,0x000000076211a328,0x000000076fa80000)
 Metaspace       used 60396K, capacity 62062K, committed 62296K, reserved 1103872K
  class space    used 8128K, capacity 8524K, committed 8576K, reserved 1048576K
GC Heap History (10 events):
Event: 4.263 GC heap before
{Heap before GC invocations=6 (full 1):
 PSYoungGen      total 203264K, used 37018K [0x00000007a0000000, 0x00000007b1500000, 0x00000007c0000000)
  eden space 192512K, 13% used [0x00000007a0000000,0x00000007a19a94e8,0x00000007abc00000)
  from space 10752K, 99% used [0x00000007b0a80000,0x00000007b14fd690,0x00000007b1500000)
  to   space 10752K, 0% used [0x00000007b0000000,0x00000007b0000000,0x00000007b0a80000)
 ParOldGen       total 108032K, used 10982K [0x0000000760000000, 0x0000000766980000, 0x00000007a0000000)
  object space 108032K, 10% used [0x0000000760000000,0x0000000760ab98e8,0x0000000766980000)
 Metaspace       used 34665K, capacity 35200K, committed 35416K, reserved 1079296K
  class space    used 4775K, capacity 4970K, committed 4992K, reserved 1048576K
Event: 4.271 GC heap after
Heap after GC invocations=6 (full 1):
 PSYoungGen      total 272896K, used 9543K [0x00000007a0000000, 0x00000007b2c00000, 0x00000007c0000000)
  eden space 262144K, 0% used [0x00000007a0000000,0x00000007a0000000,0x00000007b0000000)
  from space 10752K, 88% used [0x00000007b0000000,0x00000007b0951fc8,0x00000007b0a80000)
  to   space 12800K, 0% used [0x00000007b1f80000,0x00000007b1f80000,0x00000007b2c00000)
 ParOldGen       total 108032K, used 10990K [0x0000000760000000, 0x0000000766980000, 0x00000007a0000000)
  object space 108032K, 10% used [0x0000000760000000,0x0000000760abb8e8,0x0000000766980000)
 Metaspace       used 34665K, capacity 35200K, committed 35416K, reserved 1079296K
  class space    used 4775K, capacity 4970K, committed 4992K, reserved 1048576K
}
Event: 4.271 GC heap before
{Heap before GC invocations=7 (full 2):
 PSYoungGen      total 272896K, used 9543K [0x00000007a0000000, 0x00000007b2c00000, 0x00000007c0000000)
  eden space 262144K, 0% used [0x00000007a0000000,0x00000007a0000000,0x00000007b0000000)
  from space 10752K, 88% used [0x00000007b0000000,0x00000007b0951fc8,0x00000007b0a80000)
  to   space 12800K, 0% used [0x00000007b1f80000,0x00000007b1f80000,0x00000007b2c00000)
 ParOldGen       total 108032K, used 10990K [0x0000000760000000, 0x0000000766980000, 0x00000007a0000000)
  object space 108032K, 10% used [0x0000000760000000,0x0000000760abb8e8,0x0000000766980000)
 Metaspace       used 34665K, capacity 35200K, committed 35416K, reserved 1079296K
  class space    used 4775K, capacity 4970K, committed 4992K, reserved 1048576K
Event: 4.308 GC heap after
Heap after GC invocations=7 (full 2):
 PSYoungGen      total 272896K, used 0K [0x00000007a0000000, 0x00000007b2c00000, 0x00000007c0000000)
  eden space 262144K, 0% used [0x00000007a0000000,0x00000007a0000000,0x00000007b0000000)
  from space 10752K, 0% used [0x00000007b0000000,0x00000007b0000000,0x00000007b0a80000)
  to   space 12800K, 0% used [0x00000007b1f80000,0x00000007b1f80000,0x00000007b2c00000)
 ParOldGen       total 169984K, used 16247K [0x0000000760000000, 0x000000076a600000, 0x00000007a0000000)
  object space 169984K, 9% used [0x0000000760000000,0x0000000760fddfc0,0x000000076a600000)
 Metaspace       used 34665K, capacity 35200K, committed 35416K, reserved 1079296K
  class space    used 4775K, capacity 4970K, committed 4992K, reserved 1048576K
}
Event: 7.525 GC heap before
{Heap before GC invocations=8 (full 2):
 PSYoungGen      total 272896K, used 262144K [0x00000007a0000000, 0x00000007b2c00000, 0x00000007c0000000)
  eden space 262144K, 100% used [0x00000007a0000000,0x00000007b0000000,0x00000007b0000000)
  from space 10752K, 0% used [0x00000007b0000000,0x00000007b0000000,0x00000007b0a80000)
  to   space 12800K, 0% used [0x00000007b1f80000,0x00000007b1f80000,0x00000007b2c00000)
 ParOldGen       total 169984K, used 16247K [0x0000000760000000, 0x000000076a600000, 0x00000007a0000000)
  object space 169984K, 9% used [0x0000000760000000,0x0000000760fddfc0,0x000000076a600000)
 Metaspace       used 52519K, capacity 54076K, committed 54232K, reserved 1095680K
  class space    used 7227K, capacity 7637K, committed 7680K, reserved 1048576K
Event: 7.548 GC heap after
Heap after GC invocations=8 (full 2):
 PSYoungGen      total 285184K, used 12789K [0x00000007a0000000, 0x00000007b9900000, 0x00000007c0000000)
  eden space 272384K, 0% used [0x00000007a0000000,0x00000007a0000000,0x00000007b0a00000)
  from space 12800K, 99% used [0x00000007b1f80000,0x00000007b2bfd500,0x00000007b2c00000)
  to   space 22016K, 0% used [0x00000007b0a00000,0x00000007b0a00000,0x00000007b1f80000)
 ParOldGen       total 169984K, used 30045K [0x0000000760000000, 0x000000076a600000, 0x00000007a0000000)
  object space 169984K, 17% used [0x0000000760000000,0x0000000761d57700,0x000000076a600000)
 Metaspace       used 52519K, capacity 54076K, committed 54232K, reserved 1095680K
  class space    used 7227K, capacity 7637K, committed 7680K, reserved 1048576K
}
Event: 9.559 GC heap before
{Heap before GC invocations=9 (full 2):
 PSYoungGen      total 285184K, used 117811K [0x00000007a0000000, 0x00000007b9900000, 0x00000007c0000000)
  eden space 272384K, 38% used [0x00000007a0000000,0x00000007a668f808,0x00000007b0a00000)
  from space 12800K, 99% used [0x00000007b1f80000,0x00000007b2bfd500,0x00000007b2c00000)
  to   space 22016K, 0% used [0x00000007b0a00000,0x00000007b0a00000,0x00000007b1f80000)
 ParOldGen       total 169984K, used 30045K [0x0000000760000000, 0x000000076a600000, 0x00000007a0000000)
  object space 169984K, 17% used [0x0000000760000000,0x0000000761d57700,0x000000076a600000)
 Metaspace       used 57400K, capacity 58976K, committed 59028K, reserved 1099776K
  class space    used 7812K, capacity 8175K, committed 8192K, reserved 1048576K
Event: 9.572 GC heap after
Heap after GC invocations=9 (full 2):
 PSYoungGen      total 294400K, used 18015K [0x00000007a0000000, 0x00000007ba100000, 0x00000007c0000000)
  eden space 272384K, 0% used [0x00000007a0000000,0x00000007a0000000,0x00000007b0a00000)
  from space 22016K, 81% used [0x00000007b0a00000,0x00000007b1b97e10,0x00000007b1f80000)
  to   space 23552K, 0% used [0x00000007b8a00000,0x00000007b8a00000,0x00000007ba100000)
 ParOldGen       total 169984K, used 30053K [0x0000000760000000, 0x000000076a600000, 0x00000007a0000000)
  object space 169984K, 17% used [0x0000000760000000,0x0000000761d59700,0x000000076a600000)
 Metaspace       used 57400K, capacity 58976K, committed 59028K, reserved 1099776K
  class space    used 7812K, capacity 8175K, committed 8192K, reserved 1048576K
}
Event: 9.572 GC heap before
{Heap before GC invocations=10 (full 3):
 PSYoungGen      total 294400K, used 18015K [0x00000007a0000000, 0x00000007ba100000, 0x00000007c0000000)
  eden space 272384K, 0% used [0x00000007a0000000,0x00000007a0000000,0x00000007b0a00000)
  from space 22016K, 81% used [0x00000007b0a00000,0x00000007b1b97e10,0x00000007b1f80000)
  to   space 23552K, 0% used [0x00000007b8a00000,0x00000007b8a00000,0x00000007ba100000)
 ParOldGen       total 169984K, used 30053K [0x0000000760000000, 0x000000076a600000, 0x00000007a0000000)
  object space 169984K, 17% used [0x0000000760000000,0x0000000761d59700,0x000000076a600000)
 Metaspace       used 57400K, capacity 58976K, committed 59028K, reserved 1099776K
  class space    used 7812K, capacity 8175K, committed 8192K, reserved 1048576K
Event: 9.750 GC heap after
Heap after GC invocations=10 (full 3):
 PSYoungGen      total 294400K, used 0K [0x00000007a0000000, 0x00000007ba100000, 0x00000007c0000000)
  eden space 272384K, 0% used [0x00000007a0000000,0x00000007a0000000,0x00000007b0a00000)
  from space 22016K, 0% used [0x00000007b0a00000,0x00000007b0a00000,0x00000007b1f80000)
  to   space 23552K, 0% used [0x00000007b8a00000,0x00000007b8a00000,0x00000007ba100000)
 ParOldGen       total 256512K, used 33896K [0x0000000760000000, 0x000000076fa80000, 0x00000007a0000000)
  object space 256512K, 13% used [0x0000000760000000,0x000000076211a328,0x000000076fa80000)
 Metaspace       used 57395K, capacity 58958K, committed 59028K, reserved 1099776K
  class space    used 7810K, capacity 8172K, committed 8192K, reserved 1048576K
}

