# JRE version: OpenJDK Runtime Environment (8.0_152-b01) (build 1.8.0_152-release-1024-b01)
# Java VM: OpenJDK 64-Bit Server VM (25.152-b01 mixed mode bsd-amd64 compressed oops)
Heap:
 PSYoungGen      total 272896K, used 76885K [0x00000007a0000000, 0x00000007b4300000, 0x00000007c0000000)
  eden space 262144K, 29% used [0x00000007a0000000,0x00000007a4b154e0,0x00000007b0000000)
  from space 10752K, 0% used [0x00000007b0000000,0x00000007b0000000,0x00000007b0a80000)
  to   space 12800K, 0% used [0x00000007b3680000,0x00000007b3680000,0x00000007b4300000)
 ParOldGen       total 161280K, used 16251K [0x0000000760000000, 0x0000000769d80000, 0x00000007a0000000)
  object space 161280K, 10% used [0x0000000760000000,0x0000000760fded10,0x0000000769d80000)
 Metaspace       used 38401K, capacity 39046K, committed 39512K, reserved 1083392K
  class space    used 5249K, capacity 5461K, committed 5504K, reserved 1048576K
GC Heap History (10 events):
Event: 2.021 GC heap before
{Heap before GC invocations=3 (full 0):
 PSYoungGen      total 141824K, used 33471K [0x00000007a0000000, 0x00000007a9500000, 0x00000007c0000000)
  eden space 131072K, 17% used [0x00000007a0000000,0x00000007a1688a58,0x00000007a8000000)
  from space 10752K, 96% used [0x00000007a8a80000,0x00000007a94a74b8,0x00000007a9500000)
  to   space 10752K, 0% used [0x00000007a8000000,0x00000007a8000000,0x00000007a8a80000)
 ParOldGen       total 175104K, used 24K [0x0000000760000000, 0x000000076ab00000, 0x00000007a0000000)
  object space 175104K, 0% used [0x0000000760000000,0x0000000760006000,0x000000076ab00000)
 Metaspace       used 20749K, capacity 21102K, committed 21248K, reserved 1067008K
  class space    used 2914K, capacity 3069K, committed 3072K, reserved 1048576K
Event: 2.029 GC heap after
Heap after GC invocations=3 (full 0):
 PSYoungGen      total 141824K, used 9037K [0x00000007a0000000, 0x00000007b1500000, 0x00000007c0000000)
  eden space 131072K, 0% used [0x00000007a0000000,0x00000007a0000000,0x00000007a8000000)
  from space 10752K, 84% used [0x00000007a8000000,0x00000007a88d35b0,0x00000007a8a80000)
  to   space 10752K, 0% used [0x00000007b0a80000,0x00000007b0a80000,0x00000007b1500000)
 ParOldGen       total 175104K, used 32K [0x0000000760000000, 0x000000076ab00000, 0x00000007a0000000)
  object space 175104K, 0% used [0x0000000760000000,0x0000000760008000,0x000000076ab00000)
 Metaspace       used 20749K, capacity 21102K, committed 21248K, reserved 1067008K
  class space    used 2914K, capacity 3069K, committed 3072K, reserved 1048576K
}
Event: 2.029 GC heap before
{Heap before GC invocations=4 (full 1):
 PSYoungGen      total 141824K, used 9037K [0x00000007a0000000, 0x00000007b1500000, 0x00000007c0000000)
  eden space 131072K, 0% used [0x00000007a0000000,0x00000007a0000000,0x00000007a8000000)
  from space 10752K, 84% used [0x00000007a8000000,0x00000007a88d35b0,0x00000007a8a80000)
  to   space 10752K, 0% used [0x00000007b0a80000,0x00000007b0a80000,0x00000007b1500000)
 ParOldGen       total 175104K, used 32K [0x0000000760000000, 0x000000076ab00000, 0x00000007a0000000)
  object space 175104K, 0% used [0x0000000760000000,0x0000000760008000,0x000000076ab00000)
 Metaspace       used 20749K, capacity 21102K, committed 21248K, reserved 1067008K
  class space    used 2914K, capacity 3069K, committed 3072K, reserved 1048576K
Event: 2.058 GC heap after
Heap after GC invocations=4 (full 1):
 PSYoungGen      total 141824K, used 0K [0x00000007a0000000, 0x00000007b1500000, 0x00000007c0000000)
  eden space 131072K, 0% used [0x00000007a0000000,0x00000007a0000000,0x00000007a8000000)
  from space 10752K, 0% used [0x00000007a8000000,0x00000007a8000000,0x00000007a8a80000)
  to   space 10752K, 0% used [0x00000007b0a80000,0x00000007b0a80000,0x00000007b1500000)
 ParOldGen       total 103424K, used 8715K [0x0000000760000000, 0x0000000766500000, 0x00000007a0000000)
  object space 103424K, 8% used [0x0000000760000000,0x0000000760882c60,0x0000000766500000)
 Metaspace       used 20749K, capacity 21102K, committed 21248K, reserved 1067008K
  class space    used 2914K, capacity 3069K, committed 3072K, reserved 1048576K
}
Event: 3.736 GC heap before
{Heap before GC invocations=5 (full 1):
 PSYoungGen      total 141824K, used 131072K [0x00000007a0000000, 0x00000007b1500000, 0x00000007c0000000)
  eden space 131072K, 100% used [0x00000007a0000000,0x00000007a8000000,0x00000007a8000000)
  from space 10752K, 0% used [0x00000007a8000000,0x00000007a8000000,0x00000007a8a80000)
  to   space 10752K, 0% used [0x00000007b0a80000,0x00000007b0a80000,0x00000007b1500000)
 ParOldGen       total 103424K, used 8715K [0x0000000760000000, 0x0000000766500000, 0x00000007a0000000)
  object space 103424K, 8% used [0x0000000760000000,0x0000000760882c60,0x0000000766500000)
 Metaspace       used 29505K, capacity 29948K, committed 30208K, reserved 1075200K
  class space    used 4152K, capacity 4321K, committed 4352K, reserved 1048576K
Event: 3.750 GC heap after
Heap after GC invocations=5 (full 1):
 PSYoungGen      total 210944K, used 10720K [0x00000007a0000000, 0x00000007b1500000, 0x00000007c0000000)
  eden space 200192K, 0% used [0x00000007a0000000,0x00000007a0000000,0x00000007ac380000)
  from space 10752K, 99% used [0x00000007b0a80000,0x00000007b14f8180,0x00000007b1500000)
  to   space 10752K, 0% used [0x00000007b0000000,0x00000007b0000000,0x00000007b0a80000)
 ParOldGen       total 103424K, used 10605K [0x0000000760000000, 0x0000000766500000, 0x00000007a0000000)
  object space 103424K, 10% used [0x0000000760000000,0x0000000760a5b540,0x0000000766500000)
 Metaspace       used 29505K, capacity 29948K, committed 30208K, reserved 1075200K
  class space    used 4152K, capacity 4321K, committed 4352K, reserved 1048576K
}
Event: 4.273 GC heap before
{Heap before GC invocations=6 (full 1):
 PSYoungGen      total 210944K, used 40855K [0x00000007a0000000, 0x00000007b1500000, 0x00000007c0000000)
  eden space 200192K, 15% used [0x00000007a0000000,0x00000007a1d6db40,0x00000007ac380000)
  from space 10752K, 99% used [0x00000007b0a80000,0x00000007b14f8180,0x00000007b1500000)
  to   space 10752K, 0% used [0x00000007b0000000,0x00000007b0000000,0x00000007b0a80000)
 ParOldGen       total 103424K, used 10605K [0x0000000760000000, 0x0000000766500000, 0x00000007a0000000)
  object space 103424K, 10% used [0x0000000760000000,0x0000000760a5b540,0x0000000766500000)
 Metaspace       used 34686K, capacity 35264K, committed 35416K, reserved 1079296K
  class space    used 4775K, capacity 4970K, committed 4992K, reserved 1048576K
Event: 4.281 GC heap after
Heap after GC invocations=6 (full 1):
 PSYoungGen      total 272896K, used 9603K [0x00000007a0000000, 0x00000007b4300000, 0x00000007c0000000)
  eden space 262144K, 0% used [0x00000007a0000000,0x00000007a0000000,0x00000007b0000000)
  from space 10752K, 89% used [0x00000007b0000000,0x00000007b0960f70,0x00000007b0a80000)
  to   space 12800K, 0% used [0x00000007b3680000,0x00000007b3680000,0x00000007b4300000)
 ParOldGen       total 103424K, used 10613K [0x0000000760000000, 0x0000000766500000, 0x00000007a0000000)
  object space 103424K, 10% used [0x0000000760000000,0x0000000760a5d540,0x0000000766500000)
 Metaspace       used 34686K, capacity 35264K, committed 35416K, reserved 1079296K
  class space    used 4775K, capacity 4970K, committed 4992K, reserved 1048576K
}
Event: 4.281 GC heap before
{Heap before GC invocations=7 (full 2):
 PSYoungGen      total 272896K, used 9603K [0x00000007a0000000, 0x00000007b4300000, 0x00000007c0000000)
  eden space 262144K, 0% used [0x00000007a0000000,0x00000007a0000000,0x00000007b0000000)
  from space 10752K, 89% used [0x00000007b0000000,0x00000007b0960f70,0x00000007b0a80000)
  to   space 12800K, 0% used [0x00000007b3680000,0x00000007b3680000,0x00000007b4300000)
 ParOldGen       total 103424K, used 10613K [0x0000000760000000, 0x0000000766500000, 0x00000007a0000000)
  object space 103424K, 10% used [0x0000000760000000,0x0000000760a5d540,0x0000000766500000)
 Metaspace       used 34686K, capacity 35264K, committed 35416K, reserved 1079296K
  class space    used 4775K, capacity 4970K, committed 4992K, reserved 1048576K
Event: 4.324 GC heap after
Heap after GC invocations=7 (full 2):
 PSYoungGen      total 272896K, used 0K [0x00000007a0000000, 0x00000007b4300000, 0x00000007c0000000)
  eden space 262144K, 0% used [0x00000007a0000000,0x00000007a0000000,0x00000007b0000000)
  from space 10752K, 0% used [0x00000007b0000000,0x00000007b0000000,0x00000007b0a80000)
  to   space 12800K, 0% used [0x00000007b3680000,0x00000007b3680000,0x00000007b4300000)
 ParOldGen       total 161280K, used 16251K [0x0000000760000000, 0x0000000769d80000, 0x00000007a0000000)
  object space 161280K, 10% used [0x0000000760000000,0x0000000760fded10,0x0000000769d80000)
 Metaspace       used 34686K, capacity 35264K, committed 35416K, reserved 1079296K
  class space    used 4775K, capacity 4970K, committed 4992K, reserved 1048576K
}

